[debug] [2021-03-31T07:29:34.001Z] ----------------------------------------------------------------------
[debug] [2021-03-31T07:29:34.004Z] Command:       C:\Program Files\nodejs\node.exe C:\Users\Pallavic\AppData\Roaming\npm\node_modules\firebase-tools\lib\bin\firebase.js init
[debug] [2021-03-31T07:29:34.004Z] CLI Version:   9.8.0
[debug] [2021-03-31T07:29:34.004Z] Platform:      win32
[debug] [2021-03-31T07:29:34.005Z] Node Version:  v14.16.0
[debug] [2021-03-31T07:29:34.006Z] Time:          Wed Mar 31 2021 12:59:34 GMT+0530 (India Standard Time)
[debug] [2021-03-31T07:29:34.006Z] ----------------------------------------------------------------------
[debug] 
[debug] [2021-03-31T07:29:34.013Z] > command requires scopes: ["email","openid","https://www.googleapis.com/auth/cloudplatformprojects.readonly","https://www.googleapis.com/auth/firebase","https://www.googleapis.com/auth/cloud-platform"]
[debug] [2021-03-31T07:29:34.014Z] > authorizing via signed-in user
[info] 
     ######## #### ########  ######## ########     ###     ######  ########
     ##        ##  ##     ## ##       ##     ##  ##   ##  ##       ##
     ######    ##  ########  ######   ########  #########  ######  ######
     ##        ##  ##    ##  ##       ##     ## ##     ##       ## ##
     ##       #### ##     ## ######## ########  ##     ##  ######  ########

You're about to initialize a Firebase project in this directory:

  C:\Users\Pallavic\Desktop\Web Development\REACT Projects\React Firebase TODO app\amazon-clone

Before we get started, keep in mind:

  * You are initializing in an existing Firebase project directory

